build/outputs/logs/manifest-merger-debug-report.txt
-- Merging decision tree log ---
manifest
ADDED from src/main/AndroidManifest.xml:19:1-68:12
	package
		ADDED from src/main/AndroidManifest.xml:20:11-43
		INJECTED from src/main/AndroidManifest.xml
		INJECTED from src/main/AndroidManifest.xml
	android:versionName
		ADDED from src/main/AndroidManifest.xml:22:11-39
		INJECTED from src/main/AndroidManifest.xml
		INJECTED from src/main/AndroidManifest.xml
	android:versionCode
		ADDED from src/main/AndroidManifest.xml:23:11-35
		INJECTED from src/main/AndroidManifest.xml
		INJECTED from src/main/AndroidManifest.xml
	xmlns:android
		ADDED from src/main/AndroidManifest.xml:19:11-69
	android:installLocation
		ADDED from src/main/AndroidManifest.xml:21:11-51
uses-sdk
ADDED from src/main/AndroidManifest.xml:25:3-70
MERGED from [com.rmtheis:tess-two:5.4.0] AndroidManifest.xml:22:5-24:41
	android:targetSdkVersion
		ADDED from src/main/AndroidManifest.xml:25:39-68
		INJECTED from src/main/AndroidManifest.xml
		INJECTED from src/main/AndroidManifest.xml
	android:minSdkVersion
		ADDED from src/main/AndroidManifest.xml:25:13-38
		INJECTED from src/main/AndroidManifest.xml
		INJECTED from src/main/AndroidManifest.xml
supports-screens
ADDED from src/main/AndroidManifest.xml:26:3-29:51
	android:largeScreens
		ADDED from src/main/AndroidManifest.xml:27:21-48
	android:smallScreens
		ADDED from src/main/AndroidManifest.xml:29:21-48
	android:normalScreens
		ADDED from src/main/AndroidManifest.xml:28:21-49
	android:xlargeScreens
		ADDED from src/main/AndroidManifest.xml:26:21-49
uses-feature#android.hardware.camera.autofocus
ADDED from src/main/AndroidManifest.xml:30:3-68
	android:name
		ADDED from src/main/AndroidManifest.xml:30:17-65
uses-feature#android.hardware.camera.flash
ADDED from src/main/AndroidManifest.xml:31:3-89
	android:required
		ADDED from src/main/AndroidManifest.xml:31:62-86
	android:name
		ADDED from src/main/AndroidManifest.xml:31:17-61
uses-feature#android.hardware.camera
ADDED from src/main/AndroidManifest.xml:32:3-57
	android:name
		ADDED from src/main/AndroidManifest.xml:32:17-55
uses-feature#android.hardware.screen.landscape
ADDED from src/main/AndroidManifest.xml:33:3-67
	android:name
		ADDED from src/main/AndroidManifest.xml:33:17-65
application
ADDED from src/main/AndroidManifest.xml:35:3-64:17
	android:label
		ADDED from src/main/AndroidManifest.xml:36:16-48
	android:icon
		ADDED from src/main/AndroidManifest.xml:35:16-52
activity#edu.sfsu.cs.orange.ocr.CaptureActivity
ADDED from src/main/AndroidManifest.xml:37:5-44:18
	android:screenOrientation
		ADDED from src/main/AndroidManifest.xml:38:15-52
	android:windowSoftInputMode
		ADDED from src/main/AndroidManifest.xml:41:15-62
	android:configChanges
		ADDED from src/main/AndroidManifest.xml:39:15-76
	android:theme
		ADDED from src/main/AndroidManifest.xml:40:15-73
	android:name
		ADDED from src/main/AndroidManifest.xml:37:15-46
activity#edu.sfsu.cs.orange.ocr.HelpActivity
ADDED from src/main/AndroidManifest.xml:45:5-51:16
	android:screenOrientation
		ADDED from src/main/AndroidManifest.xml:46:15-47
	android:name
		ADDED from src/main/AndroidManifest.xml:45:15-43
intent-filter#android.intent.action.VIEW+android.intent.category.DEFAULT
ADDED from src/main/AndroidManifest.xml:47:9-50:25
action#android.intent.action.VIEW
ADDED from src/main/AndroidManifest.xml:48:13-64
	android:name
		ADDED from src/main/AndroidManifest.xml:48:21-62
category#android.intent.category.DEFAULT
ADDED from src/main/AndroidManifest.xml:49:13-71
	android:name
		ADDED from src/main/AndroidManifest.xml:49:23-69
activity#edu.sfsu.cs.orange.ocr.PreferencesActivity
ADDED from src/main/AndroidManifest.xml:53:5-53
	android:name
		ADDED from src/main/AndroidManifest.xml:53:15-50
activity#edu.sfsu.cs.orange.ocr.NavigationActivity
ADDED from src/main/AndroidManifest.xml:54:7-56:18
	android:screenOrientation
		ADDED from src/main/AndroidManifest.xml:55:11-48
	android:name
		ADDED from src/main/AndroidManifest.xml:54:17-51
activity#edu.sfsu.cs.orange.ocr.WelcomeActivity
ADDED from src/main/AndroidManifest.xml:57:7-62:18
	android:name
		ADDED from src/main/AndroidManifest.xml:57:17-48
intent-filter#android.intent.action.MAIN+android.intent.category.LAUNCHER
ADDED from src/main/AndroidManifest.xml:58:11-61:27
action#android.intent.action.MAIN
ADDED from src/main/AndroidManifest.xml:59:15-66
	android:name
		ADDED from src/main/AndroidManifest.xml:59:23-64
category#android.intent.category.LAUNCHER
ADDED from src/main/AndroidManifest.xml:60:15-74
	android:name
		ADDED from src/main/AndroidManifest.xml:60:25-72
uses-permission#android.permission.CAMERA
ADDED from src/main/AndroidManifest.xml:65:3-62
	android:name
		ADDED from src/main/AndroidManifest.xml:65:20-60
uses-permission#android.permission.INTERNET
ADDED from src/main/AndroidManifest.xml:66:3-64
	android:name
		ADDED from src/main/AndroidManifest.xml:66:20-62
uses-permission#android.permission.WRITE_EXTERNAL_STORAGE
ADDED from src/main/AndroidManifest.xml:67:3-78
	android:name
		ADDED from src/main/AndroidManifest.xml:67:20-76